[2020-07-07 15:07:22.641] [puff::index::jointLog] [info] Running fixFasta
[2020-07-07 15:07:25.627] [puff::index::jointLog] [warning] Entry with header [ENSGALT00000101177.1], had length less than equal to the k-mer length of 31 (perhaps after poly-A clipping)
[2020-07-07 15:07:25.637] [puff::index::jointLog] [warning] Entry with header [ENSGALT00000098303.1], had length less than equal to the k-mer length of 31 (perhaps after poly-A clipping)
[2020-07-07 15:07:25.653] [puff::index::jointLog] [warning] Removed 67 transcripts that were sequence duplicates of indexed transcripts.
[2020-07-07 15:07:25.653] [puff::index::jointLog] [warning] If you wish to retain duplicate transcripts, please use the `--keepDuplicates` flag
[2020-07-07 15:07:25.654] [puff::index::jointLog] [info] Replaced 2325 non-ATCG nucleotides
[2020-07-07 15:07:25.654] [puff::index::jointLog] [info] Clipped poly-A tails from 17 transcripts
[2020-07-07 15:07:26.018] [puff::index::jointLog] [info] Filter size not provided; estimating from number of distinct k-mers
[2020-07-07 15:07:27.110] [puff::index::jointLog] [info] ntHll estimated 40695654 distinct k-mers, setting filter size to 2^30
[2020-07-07 15:07:57.662] [puff::index::jointLog] [info] Setting the index/BinaryGfa directory index
[2020-07-07 15:07:57.792] [puff::index::jointLog] [info] Done wrapping the rank vector with a rank9sel structure.
[2020-07-07 15:07:57.825] [puff::index::jointLog] [info] contig count for validation: 126218
[2020-07-07 15:07:57.926] [puff::index::jointLog] [info] Total # of Contigs : 126218
[2020-07-07 15:07:57.926] [puff::index::jointLog] [info] Total # of numerical Contigs : 126218
[2020-07-07 15:07:58.057] [puff::index::jointLog] [info] 
Total # of segments we have position for : 126218
[2020-07-07 15:07:58.071] [puff::index::jointLog] [info] total contig vec entries 460302
[2020-07-07 15:07:58.071] [puff::index::jointLog] [info] bits per offset entry 19
[2020-07-07 15:07:58.171] [puff::index::jointLog] [info] there were 63992  equivalence classes
[2020-07-07 15:07:58.417] [puff::index::jointLog] [info] # segments = 126218
[2020-07-07 15:07:58.417] [puff::index::jointLog] [info] total length = 44948562
[2020-07-07 15:07:58.442] [puff::index::jointLog] [info] Reading the reference files ...
[2020-07-07 15:07:58.825] [puff::index::jointLog] [info] positional integer width = 26
[2020-07-07 15:07:58.825] [puff::index::jointLog] [info] seqSize = 44948562
[2020-07-07 15:07:58.825] [puff::index::jointLog] [info] rankSize = 44948562
[2020-07-07 15:07:58.825] [puff::index::jointLog] [info] edgeVecSize = 0
[2020-07-07 15:07:58.825] [puff::index::jointLog] [info] num keys = 41162022
[2020-07-07 15:08:00.326] [puff::index::jointLog] [info] mphf size = 25.7113 MB
[2020-07-07 15:08:00.326] [puff::index::jointLog] [info] chunk size = 5618571
[2020-07-07 15:08:00.326] [puff::index::jointLog] [info] chunk 0 = [0, 5618571)
[2020-07-07 15:08:00.326] [puff::index::jointLog] [info] chunk 1 = [5618571, 11237142)
[2020-07-07 15:08:00.326] [puff::index::jointLog] [info] chunk 2 = [11237142, 16855713)
[2020-07-07 15:08:00.326] [puff::index::jointLog] [info] chunk 3 = [16855713, 22474284)
[2020-07-07 15:08:00.326] [puff::index::jointLog] [info] chunk 4 = [22474284, 28092855)
[2020-07-07 15:08:00.326] [puff::index::jointLog] [info] chunk 5 = [28092855, 33711426)
[2020-07-07 15:08:00.326] [puff::index::jointLog] [info] chunk 6 = [33711426, 39330014)
[2020-07-07 15:08:00.326] [puff::index::jointLog] [info] chunk 7 = [39330014, 44948532)
[2020-07-07 15:08:02.772] [puff::index::jointLog] [info] finished populating pos vector
[2020-07-07 15:08:02.772] [puff::index::jointLog] [info] writing index components
[2020-07-07 15:08:02.978] [puff::index::jointLog] [info] finished writing dense pufferfish index
